[debug] [2025-09-19T16:08:19.613Z] ----------------------------------------------------------------------
[debug] [2025-09-19T16:08:19.615Z] Command:       /Users/djscruggs/.nvm/versions/node/v24.7.0/bin/node /Users/djscruggs/.nvm/versions/node/v24.7.0/bin/firebase init
[debug] [2025-09-19T16:08:19.615Z] CLI Version:   14.17.0
[debug] [2025-09-19T16:08:19.615Z] Platform:      darwin
[debug] [2025-09-19T16:08:19.615Z] Node Version:  v24.7.0
[debug] [2025-09-19T16:08:19.615Z] Time:          Fri Sep 19 2025 11:08:19 GMT-0500 (Central Daylight Time)
[debug] [2025-09-19T16:08:19.615Z] ----------------------------------------------------------------------
[debug] 
[debug] [2025-09-19T16:08:19.618Z] > command requires scopes: ["email","openid","https://www.googleapis.com/auth/cloudplatformprojects.readonly","https://www.googleapis.com/auth/firebase","https://www.googleapis.com/auth/cloud-platform"]
[debug] [2025-09-19T16:08:19.618Z] > authorizing via signed-in user (me@derekscruggs.com)
[info] 
     ######## #### ########  ######## ########     ###     ######  ########
     ##        ##  ##     ## ##       ##     ##  ##   ##  ##       ##
     ######    ##  ########  ######   ########  #########  ######  ######
     ##        ##  ##    ##  ##       ##     ## ##     ##       ## ##
     ##       #### ##     ## ######## ########  ##     ##  ######  ########

You're about to initialize a Firebase project in this directory:

  /Users/djscruggs/VSCode/cardlessid

[debug] [2025-09-19T16:08:33.263Z] ExitPromptError: User force closed the prompt with SIGINT
    at Interface.sigint (/Users/djscruggs/.nvm/versions/node/v24.7.0/lib/node_modules/firebase-tools/node_modules/@inquirer/core/dist/commonjs/lib/create-prompt.js:101:37)
    at Interface.emit (node:events:508:28)
    at Interface.emit (node:domain:489:12)
    at [_ttyWrite] [as _ttyWrite] (node:internal/readline/interface:1315:18)
    at ReadStream.onkeypress (node:internal/readline/interface:284:20)
    at ReadStream.emit (node:events:520:35)
    at ReadStream.emit (node:domain:489:12)
    at emitKeys (node:internal/readline/utils:371:14)
    at emitKeys.next (<anonymous>)
    at ReadStream.onData (node:internal/readline/emitKeypressEvents:64:36)
[error] 
[error] Error: An unexpected error has occurred.
